<?xml version="1.0" encoding="UTF-8"?>
<!-- Generated by org.testng.reporters.JUnitXMLReporter -->
<testsuite hostname="HYDMBCP0572" ignored="0" tests="19" failures="1" timestamp="2022-10-25T21:57:08 IST" time="14.555" errors="0">
  <testcase name="postPlace" time="2.979" classname="GoogleMapsApiTest"/>
  <testcase name="getCreatedPlace" time="0.571" classname="GoogleMapsApiTest"/>
  <testcase name="updatePlace" time="1.242" classname="GoogleMapsApiTest"/>
  <testcase name="deletePlace" time="2.077" classname="GoogleMapsApiTest"/>
  <testcase name="createAndDeleteJiraTask" time="1.051" classname="JiraRestApiTest">
    <failure type="java.lang.AssertionError" message="
expected: 201
 but was: 401">
      <![CDATA[java.lang.AssertionError: 
expected: 201
 but was: 401
at JiraRestApiTest.createAndDeleteJiraTask(JiraRestApiTest.java:28)
at java.util.ArrayList.forEach(ArrayList.java:1257)
... Removed 37 stack frames]]>
    </failure>
  </testcase> <!-- createAndDeleteJiraTask -->
  <testcase name="createJiraTask" time="2.311" classname="JsonSchemaValidationTest"/>
  <testcase name="readJsonArrays" time="0.13" classname="JsonValidationsTest"/>
  <testcase name="addBook" time="0.314" classname="ParameterizedBooksTest"/>
  <testcase name="addBook" time="0.321" classname="ParameterizedBooksTest"/>
  <testcase name="addBook" time="0.298" classname="ParameterizedBooksTest"/>
  <testcase name="addBook" time="0.299" classname="ParameterizedBooksTest"/>
  <testcase name="getBookDetails" time="0.313" classname="ParameterizedBooksTest"/>
  <testcase name="getBookDetails" time="0.291" classname="ParameterizedBooksTest"/>
  <testcase name="getBookDetails" time="0.278" classname="ParameterizedBooksTest"/>
  <testcase name="getBookDetails" time="0.291" classname="ParameterizedBooksTest"/>
  <testcase name="deleteBookByID" time="0.273" classname="ParameterizedBooksTest"/>
  <testcase name="deleteBookByID" time="0.247" classname="ParameterizedBooksTest"/>
  <testcase name="deleteBookByID" time="0.273" classname="ParameterizedBooksTest"/>
  <testcase name="deleteBookByID" time="0.303" classname="ParameterizedBooksTest"/>
</testsuite>
